<?xml version="1.0" encoding="UTF-8"?>
<!-- Generated by org.testng.reporters.JUnitReportReporter -->
<testsuite skipped="0" hostname="GLB-BAN-438-PC" name="com.SLP.qa.testcases.LoginpageTest" tests="2" failures="0" timestamp="03 May 2018 08:12:19 GMT" time="35.391" errors="0">
  <testcase name="logoTest" time="10.956" classname="com.SLP.qa.testcases.LoginpageTest"/>
  <testcase name="loginTest" time="24.435" classname="com.SLP.qa.testcases.LoginpageTest"/>
</testsuite> <!-- com.SLP.qa.testcases.LoginpageTest -->
