<?xml version="1.0" encoding="UTF-8"?>
<!-- Generated by org.testng.reporters.JUnitReportReporter -->
<testsuite skipped="0" hostname="GLB-BAN-438-PC" name="com.SLP.qa.testcases.DashboardpageTest" tests="2" failures="0" timestamp="04 May 2018 09:48:19 GMT" time="62.103" errors="0">
  <testcase name="AddingFBaccountTest" time="35.061" classname="com.SLP.qa.testcases.DashboardpageTest"/>
  <testcase name="DeletingFBaccountTest" time="27.042" classname="com.SLP.qa.testcases.DashboardpageTest"/>
</testsuite> <!-- com.SLP.qa.testcases.DashboardpageTest -->
