<?xml version="1.0" encoding="UTF-8"?>
<!-- Generated by org.testng.reporters.JUnitReportReporter -->
<testsuite skipped="0" hostname="GLB-BAN-438-PC" name="com.SLP.qa.testcases.LInkedinaccountPageTest" tests="1" failures="0" timestamp="04 May 2018 11:09:21 GMT" time="30.737" errors="0">
  <testcase name="LeadscountTest" time="30.737" classname="com.SLP.qa.testcases.LInkedinaccountPageTest"/>
</testsuite> <!-- com.SLP.qa.testcases.LInkedinaccountPageTest -->
